2020-09-09 13:38:49,067 	 DEBUG 	 App [main] 	 ----------------------------------------------Starting Qawjs............................................

 	 2020-09-09 13:38:49,080 	 DEBUG 	 App [main] 	 Instantiating web driver..............................................

 	 2020-09-09 13:38:52,763 	 DEBUG 	 InternalLoggerFactory [main] 	 Using Log4J2 as the default logging framework
 	 2020-09-09 13:38:52,770 	 DEBUG 	 ResourceLeakDetector [main] 	 -Dio.netty.leakDetection.level: simple
 	 2020-09-09 13:38:52,770 	 DEBUG 	 ResourceLeakDetector [main] 	 -Dio.netty.leakDetection.targetRecords: 4
 	 2020-09-09 13:38:52,775 	 DEBUG 	 ResourceLeakDetectorFactory$DefaultResourceLeakDetectorFactory [main] 	 Loaded default ResourceLeakDetector: io.netty.util.ResourceLeakDetector@76b07f29
 	 2020-09-09 13:38:52,798 	 DEBUG 	 PlatformDependent0 [main] 	 -Dio.netty.noUnsafe: false
 	 2020-09-09 13:38:52,799 	 DEBUG 	 PlatformDependent0 [main] 	 Java version: 8
 	 2020-09-09 13:38:52,800 	 DEBUG 	 PlatformDependent0 [main] 	 sun.misc.Unsafe.theUnsafe: available
 	 2020-09-09 13:38:52,802 	 DEBUG 	 PlatformDependent0 [main] 	 sun.misc.Unsafe.copyMemory: available
 	 2020-09-09 13:38:52,802 	 DEBUG 	 PlatformDependent0 [main] 	 java.nio.Buffer.address: available
 	 2020-09-09 13:38:52,803 	 DEBUG 	 PlatformDependent0 [main] 	 direct buffer constructor: available
 	 2020-09-09 13:38:52,804 	 DEBUG 	 PlatformDependent0 [main] 	 java.nio.Bits.unaligned: available, true
 	 2020-09-09 13:38:52,804 	 DEBUG 	 PlatformDependent0 [main] 	 jdk.internal.misc.Unsafe.allocateUninitializedArray(int): unavailable prior to Java9
 	 2020-09-09 13:38:52,804 	 DEBUG 	 PlatformDependent0 [main] 	 java.nio.DirectByteBuffer.<init>(long, int): available
 	 2020-09-09 13:38:52,805 	 DEBUG 	 PlatformDependent [main] 	 sun.misc.Unsafe: available
 	 2020-09-09 13:38:52,805 	 DEBUG 	 PlatformDependent [main] 	 -Dio.netty.tmpdir: /tmp (java.io.tmpdir)
 	 2020-09-09 13:38:52,806 	 DEBUG 	 PlatformDependent [main] 	 -Dio.netty.bitMode: 64 (sun.arch.data.model)
 	 2020-09-09 13:38:52,807 	 DEBUG 	 PlatformDependent [main] 	 -Dio.netty.maxDirectMemory: 1832910848 bytes
 	 2020-09-09 13:38:52,807 	 DEBUG 	 PlatformDependent [main] 	 -Dio.netty.uninitializedArrayAllocationThreshold: -1
 	 2020-09-09 13:38:52,808 	 DEBUG 	 CleanerJava6 [main] 	 java.nio.ByteBuffer.cleaner(): available
 	 2020-09-09 13:38:52,808 	 DEBUG 	 PlatformDependent [main] 	 -Dio.netty.noPreferDirect: false
 	 2020-09-09 13:38:52,887 	 DEBUG 	 PlatformDependent$Mpsc [main] 	 org.jctools-core.MpscChunkedArrayQueue: available
 	 2020-09-09 13:38:52,911 	 DEBUG 	 JdkSslContext [main] 	 Default protocols (JDK): [TLSv1.2, TLSv1.1, TLSv1] 
 	 2020-09-09 13:38:52,912 	 DEBUG 	 JdkSslContext [main] 	 Default cipher suites (JDK): [TLS_ECDHE_ECDSA_WITH_AES_256_GCM_SHA384, TLS_ECDHE_ECDSA_WITH_AES_128_GCM_SHA256, TLS_ECDHE_RSA_WITH_AES_128_GCM_SHA256, TLS_ECDHE_RSA_WITH_AES_256_GCM_SHA384, TLS_ECDHE_RSA_WITH_AES_128_CBC_SHA, TLS_ECDHE_RSA_WITH_AES_256_CBC_SHA, TLS_RSA_WITH_AES_128_GCM_SHA256, TLS_RSA_WITH_AES_128_CBC_SHA, TLS_RSA_WITH_AES_256_CBC_SHA]
 	 2020-09-09 13:38:52,933 	 DEBUG 	 InternalThreadLocalMap [main] 	 -Dio.netty.threadLocalMap.stringBuilder.initialSize: 1024
 	 2020-09-09 13:38:52,933 	 DEBUG 	 InternalThreadLocalMap [main] 	 -Dio.netty.threadLocalMap.stringBuilder.maxSize: 4096
 	 2020-09-09 13:38:52,939 	 DEBUG 	 MultithreadEventLoopGroup [main] 	 -Dio.netty.eventLoopThreads: 8
 	 2020-09-09 13:38:52,949 	 DEBUG 	 NioEventLoop [main] 	 -Dio.netty.noKeySetOptimization: false
 	 2020-09-09 13:38:52,950 	 DEBUG 	 NioEventLoop [main] 	 -Dio.netty.selectorAutoRebuildThreshold: 512
 	 2020-09-09 13:38:52,975 	 DEBUG 	 PooledByteBufAllocator [main] 	 -Dio.netty.allocator.numHeapArenas: 8
 	 2020-09-09 13:38:52,975 	 DEBUG 	 PooledByteBufAllocator [main] 	 -Dio.netty.allocator.numDirectArenas: 8
 	 2020-09-09 13:38:52,976 	 DEBUG 	 PooledByteBufAllocator [main] 	 -Dio.netty.allocator.pageSize: 8192
 	 2020-09-09 13:38:52,976 	 DEBUG 	 PooledByteBufAllocator [main] 	 -Dio.netty.allocator.maxOrder: 11
 	 2020-09-09 13:38:52,983 	 DEBUG 	 PooledByteBufAllocator [main] 	 -Dio.netty.allocator.chunkSize: 16777216
 	 2020-09-09 13:38:52,983 	 DEBUG 	 PooledByteBufAllocator [main] 	 -Dio.netty.allocator.tinyCacheSize: 512
 	 2020-09-09 13:38:52,983 	 DEBUG 	 PooledByteBufAllocator [main] 	 -Dio.netty.allocator.smallCacheSize: 256
 	 2020-09-09 13:38:52,983 	 DEBUG 	 PooledByteBufAllocator [main] 	 -Dio.netty.allocator.normalCacheSize: 64
 	 2020-09-09 13:38:52,984 	 DEBUG 	 PooledByteBufAllocator [main] 	 -Dio.netty.allocator.maxCachedBufferCapacity: 32768
 	 2020-09-09 13:38:52,984 	 DEBUG 	 PooledByteBufAllocator [main] 	 -Dio.netty.allocator.cacheTrimInterval: 8192
 	 2020-09-09 13:38:52,984 	 DEBUG 	 PooledByteBufAllocator [main] 	 -Dio.netty.allocator.cacheTrimIntervalMillis: 0
 	 2020-09-09 13:38:52,984 	 DEBUG 	 PooledByteBufAllocator [main] 	 -Dio.netty.allocator.useCacheForAllThreads: true
 	 2020-09-09 13:38:52,985 	 DEBUG 	 PooledByteBufAllocator [main] 	 -Dio.netty.allocator.maxCachedByteBuffersPerChunk: 1023
 	 2020-09-09 13:38:52,992 	 DEBUG 	 ByteBufUtil [main] 	 -Dio.netty.allocator.type: pooled
 	 2020-09-09 13:38:52,993 	 DEBUG 	 ByteBufUtil [main] 	 -Dio.netty.threadLocalDirectBufferSize: 0
 	 2020-09-09 13:38:52,993 	 DEBUG 	 ByteBufUtil [main] 	 -Dio.netty.maxThreadLocalCharBufferSize: 16384
 	 2020-09-09 13:38:53,907 	 DEBUG 	 DefaultChannelId [Forwarding newSession on session null to remote] 	 -Dio.netty.processId: 22246 (auto-detected)
 	 2020-09-09 13:38:53,910 	 DEBUG 	 NetUtil [Forwarding newSession on session null to remote] 	 -Djava.net.preferIPv4Stack: false
 	 2020-09-09 13:38:53,910 	 DEBUG 	 NetUtil [Forwarding newSession on session null to remote] 	 -Djava.net.preferIPv6Addresses: false
 	 2020-09-09 13:38:53,911 	 DEBUG 	 NetUtil [Forwarding newSession on session null to remote] 	 Loopback interface: lo (lo, 0:0:0:0:0:0:0:1%lo)
 	 2020-09-09 13:38:53,912 	 DEBUG 	 NetUtil$1 [Forwarding newSession on session null to remote] 	 /proc/sys/net/core/somaxconn: 128
 	 2020-09-09 13:38:53,913 	 DEBUG 	 DefaultChannelId [Forwarding newSession on session null to remote] 	 -Dio.netty.machineId: 74:40:bb:ff:fe:a6:21:63 (auto-detected)
 	 2020-09-09 13:38:53,974 	 DEBUG 	 AbstractByteBuf [AsyncHttpClient-3-1] 	 -Dio.netty.buffer.checkAccessible: true
 	 2020-09-09 13:38:53,975 	 DEBUG 	 AbstractByteBuf [AsyncHttpClient-3-1] 	 -Dio.netty.buffer.checkBounds: true
 	 2020-09-09 13:38:53,975 	 DEBUG 	 ResourceLeakDetectorFactory$DefaultResourceLeakDetectorFactory [AsyncHttpClient-3-1] 	 Loaded default ResourceLeakDetector: io.netty.util.ResourceLeakDetector@539752b0
 	 2020-09-09 13:38:54,009 	 DEBUG 	 Recycler [AsyncHttpClient-3-1] 	 -Dio.netty.recycler.maxCapacityPerThread: 4096
 	 2020-09-09 13:38:54,010 	 DEBUG 	 Recycler [AsyncHttpClient-3-1] 	 -Dio.netty.recycler.maxSharedCapacityFactor: 2
 	 2020-09-09 13:38:54,010 	 DEBUG 	 Recycler [AsyncHttpClient-3-1] 	 -Dio.netty.recycler.linkCapacity: 16
 	 2020-09-09 13:38:54,010 	 DEBUG 	 Recycler [AsyncHttpClient-3-1] 	 -Dio.netty.recycler.ratio: 8
 	 2020-09-09 13:38:58,324 	 DEBUG 	 ThreadLocalRandom [main] 	 -Dio.netty.initialSeedUniquifier: 0x687ac8587443ccb2
 	 2020-09-09 13:38:58,380 	 DEBUG 	 App [main] 	 Injecting session cookies...............................................................

 	 2020-09-09 14:03:05,334 	 DEBUG 	 App [main] 	 ----------------------------------------------Starting Qawjs............................................

 	 2020-09-09 14:03:05,337 	 DEBUG 	 App [main] 	 Instantiating web driver..............................................

 	 2020-09-09 14:03:05,829 	 DEBUG 	 InternalLoggerFactory [main] 	 Using Log4J2 as the default logging framework
 	 2020-09-09 14:03:05,833 	 DEBUG 	 ResourceLeakDetector [main] 	 -Dio.netty.leakDetection.level: simple
 	 2020-09-09 14:03:05,834 	 DEBUG 	 ResourceLeakDetector [main] 	 -Dio.netty.leakDetection.targetRecords: 4
 	 2020-09-09 14:03:05,837 	 DEBUG 	 ResourceLeakDetectorFactory$DefaultResourceLeakDetectorFactory [main] 	 Loaded default ResourceLeakDetector: io.netty.util.ResourceLeakDetector@3e84448c
 	 2020-09-09 14:03:05,858 	 DEBUG 	 PlatformDependent0 [main] 	 -Dio.netty.noUnsafe: false
 	 2020-09-09 14:03:05,859 	 DEBUG 	 PlatformDependent0 [main] 	 Java version: 8
 	 2020-09-09 14:03:05,861 	 DEBUG 	 PlatformDependent0 [main] 	 sun.misc.Unsafe.theUnsafe: available
 	 2020-09-09 14:03:05,863 	 DEBUG 	 PlatformDependent0 [main] 	 sun.misc.Unsafe.copyMemory: available
 	 2020-09-09 14:03:05,864 	 DEBUG 	 PlatformDependent0 [main] 	 java.nio.Buffer.address: available
 	 2020-09-09 14:03:05,866 	 DEBUG 	 PlatformDependent0 [main] 	 direct buffer constructor: available
 	 2020-09-09 14:03:05,867 	 DEBUG 	 PlatformDependent0 [main] 	 java.nio.Bits.unaligned: available, true
 	 2020-09-09 14:03:05,868 	 DEBUG 	 PlatformDependent0 [main] 	 jdk.internal.misc.Unsafe.allocateUninitializedArray(int): unavailable prior to Java9
 	 2020-09-09 14:03:05,868 	 DEBUG 	 PlatformDependent0 [main] 	 java.nio.DirectByteBuffer.<init>(long, int): available
 	 2020-09-09 14:03:05,868 	 DEBUG 	 PlatformDependent [main] 	 sun.misc.Unsafe: available
 	 2020-09-09 14:03:05,869 	 DEBUG 	 PlatformDependent [main] 	 -Dio.netty.tmpdir: /tmp (java.io.tmpdir)
 	 2020-09-09 14:03:05,869 	 DEBUG 	 PlatformDependent [main] 	 -Dio.netty.bitMode: 64 (sun.arch.data.model)
 	 2020-09-09 14:03:05,870 	 DEBUG 	 PlatformDependent [main] 	 -Dio.netty.maxDirectMemory: 1832910848 bytes
 	 2020-09-09 14:03:05,870 	 DEBUG 	 PlatformDependent [main] 	 -Dio.netty.uninitializedArrayAllocationThreshold: -1
 	 2020-09-09 14:03:05,871 	 DEBUG 	 CleanerJava6 [main] 	 java.nio.ByteBuffer.cleaner(): available
 	 2020-09-09 14:03:05,871 	 DEBUG 	 PlatformDependent [main] 	 -Dio.netty.noPreferDirect: false
 	 2020-09-09 14:03:05,880 	 DEBUG 	 PlatformDependent$Mpsc [main] 	 org.jctools-core.MpscChunkedArrayQueue: available
 	 2020-09-09 14:03:05,925 	 DEBUG 	 JdkSslContext [main] 	 Default protocols (JDK): [TLSv1.2, TLSv1.1, TLSv1] 
 	 2020-09-09 14:03:05,925 	 DEBUG 	 JdkSslContext [main] 	 Default cipher suites (JDK): [TLS_ECDHE_ECDSA_WITH_AES_256_GCM_SHA384, TLS_ECDHE_ECDSA_WITH_AES_128_GCM_SHA256, TLS_ECDHE_RSA_WITH_AES_128_GCM_SHA256, TLS_ECDHE_RSA_WITH_AES_256_GCM_SHA384, TLS_ECDHE_RSA_WITH_AES_128_CBC_SHA, TLS_ECDHE_RSA_WITH_AES_256_CBC_SHA, TLS_RSA_WITH_AES_128_GCM_SHA256, TLS_RSA_WITH_AES_128_CBC_SHA, TLS_RSA_WITH_AES_256_CBC_SHA]
 	 2020-09-09 14:03:05,952 	 DEBUG 	 InternalThreadLocalMap [main] 	 -Dio.netty.threadLocalMap.stringBuilder.initialSize: 1024
 	 2020-09-09 14:03:05,953 	 DEBUG 	 InternalThreadLocalMap [main] 	 -Dio.netty.threadLocalMap.stringBuilder.maxSize: 4096
 	 2020-09-09 14:03:05,961 	 DEBUG 	 MultithreadEventLoopGroup [main] 	 -Dio.netty.eventLoopThreads: 8
 	 2020-09-09 14:03:05,969 	 DEBUG 	 NioEventLoop [main] 	 -Dio.netty.noKeySetOptimization: false
 	 2020-09-09 14:03:05,969 	 DEBUG 	 NioEventLoop [main] 	 -Dio.netty.selectorAutoRebuildThreshold: 512
 	 2020-09-09 14:03:06,039 	 DEBUG 	 PooledByteBufAllocator [main] 	 -Dio.netty.allocator.numHeapArenas: 8
 	 2020-09-09 14:03:06,039 	 DEBUG 	 PooledByteBufAllocator [main] 	 -Dio.netty.allocator.numDirectArenas: 8
 	 2020-09-09 14:03:06,039 	 DEBUG 	 PooledByteBufAllocator [main] 	 -Dio.netty.allocator.pageSize: 8192
 	 2020-09-09 14:03:06,039 	 DEBUG 	 PooledByteBufAllocator [main] 	 -Dio.netty.allocator.maxOrder: 11
 	 2020-09-09 14:03:06,040 	 DEBUG 	 PooledByteBufAllocator [main] 	 -Dio.netty.allocator.chunkSize: 16777216
 	 2020-09-09 14:03:06,040 	 DEBUG 	 PooledByteBufAllocator [main] 	 -Dio.netty.allocator.tinyCacheSize: 512
 	 2020-09-09 14:03:06,040 	 DEBUG 	 PooledByteBufAllocator [main] 	 -Dio.netty.allocator.smallCacheSize: 256
 	 2020-09-09 14:03:06,040 	 DEBUG 	 PooledByteBufAllocator [main] 	 -Dio.netty.allocator.normalCacheSize: 64
 	 2020-09-09 14:03:06,040 	 DEBUG 	 PooledByteBufAllocator [main] 	 -Dio.netty.allocator.maxCachedBufferCapacity: 32768
 	 2020-09-09 14:03:06,040 	 DEBUG 	 PooledByteBufAllocator [main] 	 -Dio.netty.allocator.cacheTrimInterval: 8192
 	 2020-09-09 14:03:06,041 	 DEBUG 	 PooledByteBufAllocator [main] 	 -Dio.netty.allocator.cacheTrimIntervalMillis: 0
 	 2020-09-09 14:03:06,041 	 DEBUG 	 PooledByteBufAllocator [main] 	 -Dio.netty.allocator.useCacheForAllThreads: true
 	 2020-09-09 14:03:06,041 	 DEBUG 	 PooledByteBufAllocator [main] 	 -Dio.netty.allocator.maxCachedByteBuffersPerChunk: 1023
 	 2020-09-09 14:03:06,048 	 DEBUG 	 ByteBufUtil [main] 	 -Dio.netty.allocator.type: pooled
 	 2020-09-09 14:03:06,048 	 DEBUG 	 ByteBufUtil [main] 	 -Dio.netty.threadLocalDirectBufferSize: 0
 	 2020-09-09 14:03:06,048 	 DEBUG 	 ByteBufUtil [main] 	 -Dio.netty.maxThreadLocalCharBufferSize: 16384
 	 2020-09-09 14:03:06,384 	 DEBUG 	 DefaultChannelId [Forwarding newSession on session null to remote] 	 -Dio.netty.processId: 24238 (auto-detected)
 	 2020-09-09 14:03:06,386 	 DEBUG 	 NetUtil [Forwarding newSession on session null to remote] 	 -Djava.net.preferIPv4Stack: false
 	 2020-09-09 14:03:06,386 	 DEBUG 	 NetUtil [Forwarding newSession on session null to remote] 	 -Djava.net.preferIPv6Addresses: false
 	 2020-09-09 14:03:06,387 	 DEBUG 	 NetUtil [Forwarding newSession on session null to remote] 	 Loopback interface: lo (lo, 0:0:0:0:0:0:0:1%lo)
 	 2020-09-09 14:03:06,388 	 DEBUG 	 NetUtil$1 [Forwarding newSession on session null to remote] 	 /proc/sys/net/core/somaxconn: 128
 	 2020-09-09 14:03:06,389 	 DEBUG 	 DefaultChannelId [Forwarding newSession on session null to remote] 	 -Dio.netty.machineId: 74:40:bb:ff:fe:a6:21:63 (auto-detected)
 	 2020-09-09 14:03:06,439 	 DEBUG 	 AbstractByteBuf [AsyncHttpClient-3-1] 	 -Dio.netty.buffer.checkAccessible: true
 	 2020-09-09 14:03:06,440 	 DEBUG 	 AbstractByteBuf [AsyncHttpClient-3-1] 	 -Dio.netty.buffer.checkBounds: true
 	 2020-09-09 14:03:06,440 	 DEBUG 	 ResourceLeakDetectorFactory$DefaultResourceLeakDetectorFactory [AsyncHttpClient-3-1] 	 Loaded default ResourceLeakDetector: io.netty.util.ResourceLeakDetector@6360973c
 	 2020-09-09 14:03:06,464 	 DEBUG 	 Recycler [AsyncHttpClient-3-1] 	 -Dio.netty.recycler.maxCapacityPerThread: 4096
 	 2020-09-09 14:03:06,464 	 DEBUG 	 Recycler [AsyncHttpClient-3-1] 	 -Dio.netty.recycler.maxSharedCapacityFactor: 2
 	 2020-09-09 14:03:06,464 	 DEBUG 	 Recycler [AsyncHttpClient-3-1] 	 -Dio.netty.recycler.linkCapacity: 16
 	 2020-09-09 14:03:06,465 	 DEBUG 	 Recycler [AsyncHttpClient-3-1] 	 -Dio.netty.recycler.ratio: 8
 	 2020-09-09 14:03:07,211 	 DEBUG 	 ThreadLocalRandom [main] 	 -Dio.netty.initialSeedUniquifier: 0x8c2e50211ff6d3be
 	 2020-09-09 14:03:07,236 	 DEBUG 	 App [main] 	 Injecting session cookies...............................................................

 	 2020-09-09 14:03:28,967 	 DEBUG 	 App [main] 	 Monitoring job site homepage for jobs.....................................
 	 2020-09-09 14:16:35,257 	 DEBUG 	 App [main] 	 ----------------------------------------------Starting Qawjs............................................

 	 2020-09-09 14:16:35,260 	 DEBUG 	 App [main] 	 Instantiating web driver..............................................

 	 2020-09-09 14:16:36,101 	 DEBUG 	 InternalLoggerFactory [main] 	 Using Log4J2 as the default logging framework
 	 2020-09-09 14:16:36,105 	 DEBUG 	 ResourceLeakDetector [main] 	 -Dio.netty.leakDetection.level: simple
 	 2020-09-09 14:16:36,106 	 DEBUG 	 ResourceLeakDetector [main] 	 -Dio.netty.leakDetection.targetRecords: 4
 	 2020-09-09 14:16:36,110 	 DEBUG 	 ResourceLeakDetectorFactory$DefaultResourceLeakDetectorFactory [main] 	 Loaded default ResourceLeakDetector: io.netty.util.ResourceLeakDetector@3e84448c
 	 2020-09-09 14:16:36,125 	 DEBUG 	 PlatformDependent0 [main] 	 -Dio.netty.noUnsafe: false
 	 2020-09-09 14:16:36,126 	 DEBUG 	 PlatformDependent0 [main] 	 Java version: 8
 	 2020-09-09 14:16:36,126 	 DEBUG 	 PlatformDependent0 [main] 	 sun.misc.Unsafe.theUnsafe: available
 	 2020-09-09 14:16:36,127 	 DEBUG 	 PlatformDependent0 [main] 	 sun.misc.Unsafe.copyMemory: available
 	 2020-09-09 14:16:36,128 	 DEBUG 	 PlatformDependent0 [main] 	 java.nio.Buffer.address: available
 	 2020-09-09 14:16:36,128 	 DEBUG 	 PlatformDependent0 [main] 	 direct buffer constructor: available
 	 2020-09-09 14:16:36,129 	 DEBUG 	 PlatformDependent0 [main] 	 java.nio.Bits.unaligned: available, true
 	 2020-09-09 14:16:36,129 	 DEBUG 	 PlatformDependent0 [main] 	 jdk.internal.misc.Unsafe.allocateUninitializedArray(int): unavailable prior to Java9
 	 2020-09-09 14:16:36,130 	 DEBUG 	 PlatformDependent0 [main] 	 java.nio.DirectByteBuffer.<init>(long, int): available
 	 2020-09-09 14:16:36,130 	 DEBUG 	 PlatformDependent [main] 	 sun.misc.Unsafe: available
 	 2020-09-09 14:16:36,131 	 DEBUG 	 PlatformDependent [main] 	 -Dio.netty.tmpdir: /tmp (java.io.tmpdir)
 	 2020-09-09 14:16:36,131 	 DEBUG 	 PlatformDependent [main] 	 -Dio.netty.bitMode: 64 (sun.arch.data.model)
 	 2020-09-09 14:16:36,133 	 DEBUG 	 PlatformDependent [main] 	 -Dio.netty.maxDirectMemory: 1832910848 bytes
 	 2020-09-09 14:16:36,133 	 DEBUG 	 PlatformDependent [main] 	 -Dio.netty.uninitializedArrayAllocationThreshold: -1
 	 2020-09-09 14:16:36,134 	 DEBUG 	 CleanerJava6 [main] 	 java.nio.ByteBuffer.cleaner(): available
 	 2020-09-09 14:16:36,134 	 DEBUG 	 PlatformDependent [main] 	 -Dio.netty.noPreferDirect: false
 	 2020-09-09 14:16:36,142 	 DEBUG 	 PlatformDependent$Mpsc [main] 	 org.jctools-core.MpscChunkedArrayQueue: available
 	 2020-09-09 14:16:36,177 	 DEBUG 	 JdkSslContext [main] 	 Default protocols (JDK): [TLSv1.2, TLSv1.1, TLSv1] 
 	 2020-09-09 14:16:36,177 	 DEBUG 	 JdkSslContext [main] 	 Default cipher suites (JDK): [TLS_ECDHE_ECDSA_WITH_AES_256_GCM_SHA384, TLS_ECDHE_ECDSA_WITH_AES_128_GCM_SHA256, TLS_ECDHE_RSA_WITH_AES_128_GCM_SHA256, TLS_ECDHE_RSA_WITH_AES_256_GCM_SHA384, TLS_ECDHE_RSA_WITH_AES_128_CBC_SHA, TLS_ECDHE_RSA_WITH_AES_256_CBC_SHA, TLS_RSA_WITH_AES_128_GCM_SHA256, TLS_RSA_WITH_AES_128_CBC_SHA, TLS_RSA_WITH_AES_256_CBC_SHA]
 	 2020-09-09 14:16:36,197 	 DEBUG 	 InternalThreadLocalMap [main] 	 -Dio.netty.threadLocalMap.stringBuilder.initialSize: 1024
 	 2020-09-09 14:16:36,198 	 DEBUG 	 InternalThreadLocalMap [main] 	 -Dio.netty.threadLocalMap.stringBuilder.maxSize: 4096
 	 2020-09-09 14:16:36,202 	 DEBUG 	 MultithreadEventLoopGroup [main] 	 -Dio.netty.eventLoopThreads: 8
 	 2020-09-09 14:16:36,209 	 DEBUG 	 NioEventLoop [main] 	 -Dio.netty.noKeySetOptimization: false
 	 2020-09-09 14:16:36,209 	 DEBUG 	 NioEventLoop [main] 	 -Dio.netty.selectorAutoRebuildThreshold: 512
 	 2020-09-09 14:16:36,278 	 DEBUG 	 PooledByteBufAllocator [main] 	 -Dio.netty.allocator.numHeapArenas: 8
 	 2020-09-09 14:16:36,278 	 DEBUG 	 PooledByteBufAllocator [main] 	 -Dio.netty.allocator.numDirectArenas: 8
 	 2020-09-09 14:16:36,278 	 DEBUG 	 PooledByteBufAllocator [main] 	 -Dio.netty.allocator.pageSize: 8192
 	 2020-09-09 14:16:36,278 	 DEBUG 	 PooledByteBufAllocator [main] 	 -Dio.netty.allocator.maxOrder: 11
 	 2020-09-09 14:16:36,279 	 DEBUG 	 PooledByteBufAllocator [main] 	 -Dio.netty.allocator.chunkSize: 16777216
 	 2020-09-09 14:16:36,279 	 DEBUG 	 PooledByteBufAllocator [main] 	 -Dio.netty.allocator.tinyCacheSize: 512
 	 2020-09-09 14:16:36,279 	 DEBUG 	 PooledByteBufAllocator [main] 	 -Dio.netty.allocator.smallCacheSize: 256
 	 2020-09-09 14:16:36,279 	 DEBUG 	 PooledByteBufAllocator [main] 	 -Dio.netty.allocator.normalCacheSize: 64
 	 2020-09-09 14:16:36,279 	 DEBUG 	 PooledByteBufAllocator [main] 	 -Dio.netty.allocator.maxCachedBufferCapacity: 32768
 	 2020-09-09 14:16:36,280 	 DEBUG 	 PooledByteBufAllocator [main] 	 -Dio.netty.allocator.cacheTrimInterval: 8192
 	 2020-09-09 14:16:36,280 	 DEBUG 	 PooledByteBufAllocator [main] 	 -Dio.netty.allocator.cacheTrimIntervalMillis: 0
 	 2020-09-09 14:16:36,280 	 DEBUG 	 PooledByteBufAllocator [main] 	 -Dio.netty.allocator.useCacheForAllThreads: true
 	 2020-09-09 14:16:36,280 	 DEBUG 	 PooledByteBufAllocator [main] 	 -Dio.netty.allocator.maxCachedByteBuffersPerChunk: 1023
 	 2020-09-09 14:16:36,288 	 DEBUG 	 ByteBufUtil [main] 	 -Dio.netty.allocator.type: pooled
 	 2020-09-09 14:16:36,288 	 DEBUG 	 ByteBufUtil [main] 	 -Dio.netty.threadLocalDirectBufferSize: 0
 	 2020-09-09 14:16:36,289 	 DEBUG 	 ByteBufUtil [main] 	 -Dio.netty.maxThreadLocalCharBufferSize: 16384
 	 2020-09-09 14:16:37,098 	 DEBUG 	 DefaultChannelId [Forwarding newSession on session null to remote] 	 -Dio.netty.processId: 25574 (auto-detected)
 	 2020-09-09 14:16:37,101 	 DEBUG 	 NetUtil [Forwarding newSession on session null to remote] 	 -Djava.net.preferIPv4Stack: false
 	 2020-09-09 14:16:37,101 	 DEBUG 	 NetUtil [Forwarding newSession on session null to remote] 	 -Djava.net.preferIPv6Addresses: false
 	 2020-09-09 14:16:37,102 	 DEBUG 	 NetUtil [Forwarding newSession on session null to remote] 	 Loopback interface: lo (lo, 0:0:0:0:0:0:0:1%lo)
 	 2020-09-09 14:16:37,102 	 DEBUG 	 NetUtil$1 [Forwarding newSession on session null to remote] 	 /proc/sys/net/core/somaxconn: 128
 	 2020-09-09 14:16:37,103 	 DEBUG 	 DefaultChannelId [Forwarding newSession on session null to remote] 	 -Dio.netty.machineId: 74:40:bb:ff:fe:a6:21:63 (auto-detected)
 	 2020-09-09 14:16:37,152 	 DEBUG 	 AbstractByteBuf [AsyncHttpClient-3-1] 	 -Dio.netty.buffer.checkAccessible: true
 	 2020-09-09 14:16:37,152 	 DEBUG 	 AbstractByteBuf [AsyncHttpClient-3-1] 	 -Dio.netty.buffer.checkBounds: true
 	 2020-09-09 14:16:37,152 	 DEBUG 	 ResourceLeakDetectorFactory$DefaultResourceLeakDetectorFactory [AsyncHttpClient-3-1] 	 Loaded default ResourceLeakDetector: io.netty.util.ResourceLeakDetector@7a78c2ac
 	 2020-09-09 14:16:37,175 	 DEBUG 	 Recycler [AsyncHttpClient-3-1] 	 -Dio.netty.recycler.maxCapacityPerThread: 4096
 	 2020-09-09 14:16:37,175 	 DEBUG 	 Recycler [AsyncHttpClient-3-1] 	 -Dio.netty.recycler.maxSharedCapacityFactor: 2
 	 2020-09-09 14:16:37,175 	 DEBUG 	 Recycler [AsyncHttpClient-3-1] 	 -Dio.netty.recycler.linkCapacity: 16
 	 2020-09-09 14:16:37,175 	 DEBUG 	 Recycler [AsyncHttpClient-3-1] 	 -Dio.netty.recycler.ratio: 8
 	 2020-09-09 14:16:40,837 	 DEBUG 	 ThreadLocalRandom [main] 	 -Dio.netty.initialSeedUniquifier: 0x3680642a2942fb25
 	 2020-09-09 14:16:40,893 	 DEBUG 	 App [main] 	 Injecting session cookies...............................................................

 	 2020-09-09 14:17:06,501 	 DEBUG 	 App [main] 	 Monitoring job site homepage for jobs.....................................
 	 